<?xml version="1.0" encoding="UTF-8"?>
<!-- Generated by org.testng.reporters.JUnitXMLReporter -->
<testsuite ignored="0" hostname="MSI" failures="0" tests="5" name="Test" time="37.034" errors="0" timestamp="2024-01-28T03:59:37 IST">
  <testcase classname="Project.Human_Resource_Management.Login" name="loginTest" time="1.709"/>
  <testcase classname="Project.Human_Resource_Management.Login" name="loginTest" time="0.286"/>
  <testcase classname="Project.Human_Resource_Management.Login" name="loginTest" time="0.487"/>
  <testcase classname="Project.Human_Resource_Management.Login" name="loginTest" time="0.635"/>
  <testcase classname="Project.Human_Resource_Management.Login" name="loginTest" time="0.311"/>
</testsuite> <!-- Test -->
